INFO: 2020/01/16 14:23:48 start server at port8081
WARN: 2020/01/16 14:24:24 get-article-list, new request
WARN: 2020/01/16 14:24:24 get-tags, new request
INFO: 2020/01/16 14:24:24 get-article-list, finish
INFO: 2020/01/16 14:24:24 get-tags, finish
WARN: 2020/01/16 14:24:28 get-article, new request
INFO: 2020/01/16 14:24:28 ID: 5e1844c938186296deb35fa4
INFO: 2020/01/16 14:24:28 2020-01-10 09:32:57.787 +0000 UTC
INFO: 2020/01/16 14:24:28 get-article-list, finish
WARN: 2020/01/16 14:24:46 sign-in, new request
INFO: 2020/01/16 14:24:46 sign in success
WARN: 2020/01/16 14:24:46 get-article, new request
INFO: 2020/01/16 14:24:46 ID: 5e1844c938186296deb35fa4
INFO: 2020/01/16 14:24:46 2020-01-10 09:32:57.787 +0000 UTC
INFO: 2020/01/16 14:24:46 get-article-list, finish
WARN: 2020/01/16 14:24:48 delete-article, new request
INFO: 2020/01/16 14:24:48 delete-article, finish
WARN: 2020/01/16 14:24:52 get-article-list, new request
WARN: 2020/01/16 14:24:52 get-tags, new request
INFO: 2020/01/16 14:24:52 get-article-list, finish
INFO: 2020/01/16 14:24:52 get-tags, finish
WARN: 2020/01/16 14:24:53 get-article, new request
INFO: 2020/01/16 14:24:53 ID: 5e1f4cf93aa32bf9836c80db
INFO: 2020/01/16 14:24:53 2020-01-15 17:39:56.419 +0000 UTC
INFO: 2020/01/16 14:24:53 get-article-list, finish
WARN: 2020/01/16 14:24:55 delete-article, new request
INFO: 2020/01/16 14:24:55 delete-article, finish
WARN: 2020/01/16 14:24:57 get-article-list, new request
WARN: 2020/01/16 14:24:57 get-tags, new request
INFO: 2020/01/16 14:24:57 get-article-list, finish
2020/01/16 14:24:57 http: panic serving 127.0.0.1:48090: runtime error: index out of range [0] with length 0
goroutine 51 [running]:
net/http.(*conn).serve.func1(0xc0001be1e0)
	/usr/lib/golang/src/net/http/server.go:1767 +0x139
panic(0xa69000, 0xc00019ee80)
	/usr/lib/golang/src/runtime/panic.go:679 +0x1b2
github.com/LiaoHanwen/personal-website/mongodb.FindTags(0x0, 0x0, 0x0, 0x0, 0x0)
	/home/web/personal-website/go/src/github.com/LiaoHanwen/personal-website/mongodb/article.go:181 +0x8d1
main.getTags(0xc04f80, 0xc000148c40, 0xc000186b00)
	/home/web/personal-website/go/src/github.com/LiaoHanwen/personal-website/server/article.go:213 +0x96
net/http.HandlerFunc.ServeHTTP(0xac8608, 0xc04f80, 0xc000148c40, 0xc000186b00)
	/usr/lib/golang/src/net/http/server.go:2007 +0x44
net/http.(*ServeMux).ServeHTTP(0x119cb40, 0xc04f80, 0xc000148c40, 0xc000186b00)
	/usr/lib/golang/src/net/http/server.go:2387 +0x1bd
net/http.serverHandler.ServeHTTP(0xc000148000, 0xc04f80, 0xc000148c40, 0xc000186b00)
	/usr/lib/golang/src/net/http/server.go:2802 +0xa4
net/http.(*conn).serve(0xc0001be1e0, 0xc05e80, 0xc0001c01c0)
	/usr/lib/golang/src/net/http/server.go:1890 +0x875
created by net/http.(*Server).Serve
	/usr/lib/golang/src/net/http/server.go:2927 +0x38e
WARN: 2020/01/16 14:25:07 get-tags, new request
2020/01/16 14:25:07 http: panic serving 127.0.0.1:48092: runtime error: index out of range [0] with length 0
goroutine 54 [running]:
net/http.(*conn).serve.func1(0xc0001be280)
	/usr/lib/golang/src/net/http/server.go:1767 +0x139
panic(0xa69000, 0xc00019f1e0)
	/usr/lib/golang/src/runtime/panic.go:679 +0x1b2
github.com/LiaoHanwen/personal-website/mongodb.FindTags(0x0, 0x0, 0x0, 0x0, 0x0)
	/home/web/personal-website/go/src/github.com/LiaoHanwen/personal-website/mongodb/article.go:181 +0x8d1
main.getTags(0xc04f80, 0xc000148d20, 0xc000186c00)
	/home/web/personal-website/go/src/github.com/LiaoHanwen/personal-website/server/article.go:213 +0x96
net/http.HandlerFunc.ServeHTTP(0xac8608, 0xc04f80, 0xc000148d20, 0xc000186c00)
	/usr/lib/golang/src/net/http/server.go:2007 +0x44
net/http.(*ServeMux).ServeHTTP(0x119cb40, 0xc04f80, 0xc000148d20, 0xc000186c00)
	/usr/lib/golang/src/net/http/server.go:2387 +0x1bd
net/http.serverHandler.ServeHTTP(0xc000148000, 0xc04f80, 0xc000148d20, 0xc000186c00)
	/usr/lib/golang/src/net/http/server.go:2802 +0xa4
net/http.(*conn).serve(0xc0001be280, 0xc05e80, 0xc0001c0300)
	/usr/lib/golang/src/net/http/server.go:1890 +0x875
created by net/http.(*Server).Serve
	/usr/lib/golang/src/net/http/server.go:2927 +0x38e
WARN: 2020/01/16 14:29:39 save-article, new request
WARN: 2020/01/16 14:29:39 parsing time ""undefined"" as ""2006-01-02T15:04:05Z07:00"": cannot parse "undefined"" as "2006"
WARN: 2020/01/16 14:29:51 save-article, new request
WARN: 2020/01/16 14:29:51 parsing time ""undefined"" as ""2006-01-02T15:04:05Z07:00"": cannot parse "undefined"" as "2006"
WARN: 2020/01/16 14:31:07 get-tags, new request
2020/01/16 14:31:07 http: panic serving 127.0.0.1:48100: runtime error: index out of range [0] with length 0
goroutine 102 [running]:
net/http.(*conn).serve.func1(0xc0001be460)
	/usr/lib/golang/src/net/http/server.go:1767 +0x139
panic(0xa69000, 0xc000218280)
	/usr/lib/golang/src/runtime/panic.go:679 +0x1b2
github.com/LiaoHanwen/personal-website/mongodb.FindTags(0x0, 0x0, 0x0, 0x0, 0x0)
	/home/web/personal-website/go/src/github.com/LiaoHanwen/personal-website/mongodb/article.go:181 +0x8d1
main.getTags(0xc04f80, 0xc000148fc0, 0xc000186f00)
	/home/web/personal-website/go/src/github.com/LiaoHanwen/personal-website/server/article.go:213 +0x96
net/http.HandlerFunc.ServeHTTP(0xac8608, 0xc04f80, 0xc000148fc0, 0xc000186f00)
	/usr/lib/golang/src/net/http/server.go:2007 +0x44
net/http.(*ServeMux).ServeHTTP(0x119cb40, 0xc04f80, 0xc000148fc0, 0xc000186f00)
	/usr/lib/golang/src/net/http/server.go:2387 +0x1bd
net/http.serverHandler.ServeHTTP(0xc000148000, 0xc04f80, 0xc000148fc0, 0xc000186f00)
	/usr/lib/golang/src/net/http/server.go:2802 +0xa4
net/http.(*conn).serve(0xc0001be460, 0xc05e80, 0xc0001c1040)
	/usr/lib/golang/src/net/http/server.go:1890 +0x875
created by net/http.(*Server).Serve
	/usr/lib/golang/src/net/http/server.go:2927 +0x38e
WARN: 2020/01/16 14:31:13 get-tags, new request
2020/01/16 14:31:13 http: panic serving 127.0.0.1:48102: runtime error: index out of range [0] with length 0
goroutine 105 [running]:
net/http.(*conn).serve.func1(0xc0001be500)
	/usr/lib/golang/src/net/http/server.go:1767 +0x139
panic(0xa69000, 0xc0002185c0)
	/usr/lib/golang/src/runtime/panic.go:679 +0x1b2
github.com/LiaoHanwen/personal-website/mongodb.FindTags(0x0, 0x0, 0x0, 0x0, 0x0)
	/home/web/personal-website/go/src/github.com/LiaoHanwen/personal-website/mongodb/article.go:181 +0x8d1
main.getTags(0xc04f80, 0xc0001490a0, 0xc000187000)
	/home/web/personal-website/go/src/github.com/LiaoHanwen/personal-website/server/article.go:213 +0x96
net/http.HandlerFunc.ServeHTTP(0xac8608, 0xc04f80, 0xc0001490a0, 0xc000187000)
	/usr/lib/golang/src/net/http/server.go:2007 +0x44
net/http.(*ServeMux).ServeHTTP(0x119cb40, 0xc04f80, 0xc0001490a0, 0xc000187000)
	/usr/lib/golang/src/net/http/server.go:2387 +0x1bd
net/http.serverHandler.ServeHTTP(0xc000148000, 0xc04f80, 0xc0001490a0, 0xc000187000)
	/usr/lib/golang/src/net/http/server.go:2802 +0xa4
net/http.(*conn).serve(0xc0001be500, 0xc05e80, 0xc0001c1180)
	/usr/lib/golang/src/net/http/server.go:1890 +0x875
created by net/http.(*Server).Serve
	/usr/lib/golang/src/net/http/server.go:2927 +0x38e
WARN: 2020/01/16 14:31:51 save-article, new request
INFO: 2020/01/16 14:31:51 save-article, finish
WARN: 2020/01/16 14:31:54 get-tags, new request
INFO: 2020/01/16 14:31:54 get-tags, finish
WARN: 2020/01/16 14:31:54 get-article-list, new request
INFO: 2020/01/16 14:31:54 get-article-list, finish
WARN: 2020/01/16 14:32:03 tag-search, new request
INFO: 2020/01/16 14:32:03 tag-search, finish
WARN: 2020/01/16 14:32:04 tag-search, new request
INFO: 2020/01/16 14:32:04 tag-search, finish
WARN: 2020/01/16 14:32:09 get-article, new request
INFO: 2020/01/16 14:32:09 ID: 5e200357048850899a45d609
INFO: 2020/01/16 14:32:09 2020-01-16 06:31:51.005 +0000 UTC
INFO: 2020/01/16 14:32:09 get-article-list, finish
WARN: 2020/01/16 14:32:14 get-tags, new request
INFO: 2020/01/16 14:32:14 get-tags, finish
WARN: 2020/01/16 14:32:14 get-article-list, new request
INFO: 2020/01/16 14:32:14 get-article-list, finish
WARN: 2020/01/16 14:32:18 get-article, new request
INFO: 2020/01/16 14:32:18 ID: 5e200357048850899a45d609
INFO: 2020/01/16 14:32:18 2020-01-16 06:31:51.005 +0000 UTC
INFO: 2020/01/16 14:32:18 get-article-list, finish
WARN: 2020/01/16 14:32:21 get-tags, new request
INFO: 2020/01/16 14:32:21 get-tags, finish
WARN: 2020/01/16 14:32:21 get-article-list, new request
INFO: 2020/01/16 14:32:21 get-article-list, finish
WARN: 2020/01/16 14:36:00 get-tags, new request
INFO: 2020/01/16 14:36:00 get-tags, finish
WARN: 2020/01/16 14:36:46 save-article, new request
INFO: 2020/01/16 14:36:46 save-article, finish
WARN: 2020/01/16 14:36:49 get-article-list, new request
INFO: 2020/01/16 14:36:49 get-article-list, finish
WARN: 2020/01/16 14:36:49 get-tags, new request
INFO: 2020/01/16 14:36:49 get-tags, finish
WARN: 2020/01/16 14:36:52 tag-search, new request
INFO: 2020/01/16 14:36:52 tag-search, finish
WARN: 2020/01/16 14:36:54 tag-search, new request
INFO: 2020/01/16 14:36:54 tag-search, finish
WARN: 2020/01/16 14:37:00 get-article, new request
INFO: 2020/01/16 14:37:00 ID: 5e20047e048850899a45d60a
INFO: 2020/01/16 14:37:00 2020-01-16 06:36:46.059 +0000 UTC
INFO: 2020/01/16 14:37:00 get-article-list, finish
WARN: 2020/01/16 14:37:07 get-tags, new request
WARN: 2020/01/16 14:37:07 get-article-list, new request
INFO: 2020/01/16 14:37:07 get-tags, finish
INFO: 2020/01/16 14:37:07 get-article-list, finish
WARN: 2020/01/16 14:37:20 get-tags, new request
INFO: 2020/01/16 14:37:20 get-tags, finish
WARN: 2020/01/16 14:38:08 save-article, new request
INFO: 2020/01/16 14:38:08 save-article, finish
WARN: 2020/01/16 14:38:12 get-article-list, new request
WARN: 2020/01/16 14:38:12 get-tags, new request
INFO: 2020/01/16 14:38:12 get-article-list, finish
INFO: 2020/01/16 14:38:12 get-tags, finish
WARN: 2020/01/16 14:38:32 get-tags, new request
INFO: 2020/01/16 14:38:32 get-tags, finish
WARN: 2020/01/16 14:38:48 save-article, new request
INFO: 2020/01/16 14:38:48 save-article, finish
WARN: 2020/01/16 14:38:52 get-tags, new request
WARN: 2020/01/16 14:38:52 get-article-list, new request
INFO: 2020/01/16 14:38:52 get-article-list, finish
INFO: 2020/01/16 14:38:52 get-tags, finish
WARN: 2020/01/16 14:38:57 get-article, new request
INFO: 2020/01/16 14:38:57 ID: 5e2004f8048850899a45d60c
INFO: 2020/01/16 14:38:57 2020-01-16 06:38:48.64 +0000 UTC
INFO: 2020/01/16 14:38:57 get-article-list, finish
WARN: 2020/01/16 14:39:01 get-article, new request
INFO: 2020/01/16 14:39:01 ID: 5e2004f8048850899a45d60c
INFO: 2020/01/16 14:39:01 2020-01-16 06:38:48.64 +0000 UTC
INFO: 2020/01/16 14:39:01 get-article-list, finish
WARN: 2020/01/16 14:39:01 get-tags, new request
INFO: 2020/01/16 14:39:01 get-tags, finish
WARN: 2020/01/16 14:39:12 save-article, new request
INFO: 2020/01/16 14:39:12 save-article, finish
WARN: 2020/01/16 14:39:15 get-article-list, new request
WARN: 2020/01/16 14:39:15 get-tags, new request
INFO: 2020/01/16 14:39:15 get-article-list, finish
INFO: 2020/01/16 14:39:15 get-tags, finish
WARN: 2020/01/16 14:40:43 get-tags, new request
INFO: 2020/01/16 14:40:43 get-tags, finish
WARN: 2020/01/16 14:41:18 save-article, new request
INFO: 2020/01/16 14:41:18 save-article, finish
WARN: 2020/01/16 14:41:25 get-article-list, new request
INFO: 2020/01/16 14:41:25 get-article-list, finish
WARN: 2020/01/16 14:41:25 get-tags, new request
INFO: 2020/01/16 14:41:25 get-tags, finish
WARN: 2020/01/16 14:41:33 get-article, new request
INFO: 2020/01/16 14:41:33 ID: 5e2004f8048850899a45d60c
INFO: 2020/01/16 14:41:33 2020-01-16 06:38:48.64 +0000 UTC
INFO: 2020/01/16 14:41:33 get-article-list, finish
WARN: 2020/01/16 14:41:35 get-article, new request
INFO: 2020/01/16 14:41:35 ID: 5e2004f8048850899a45d60c
INFO: 2020/01/16 14:41:35 2020-01-16 06:38:48.64 +0000 UTC
INFO: 2020/01/16 14:41:35 get-article-list, finish
WARN: 2020/01/16 14:41:35 get-tags, new request
INFO: 2020/01/16 14:41:35 get-tags, finish
WARN: 2020/01/16 14:41:42 get-article, new request
INFO: 2020/01/16 14:41:42 ID: 5e2004f8048850899a45d60c
INFO: 2020/01/16 14:41:42 2020-01-16 06:38:48.64 +0000 UTC
INFO: 2020/01/16 14:41:42 get-article-list, finish
WARN: 2020/01/16 14:41:45 get-article, new request
INFO: 2020/01/16 14:41:45 ID: 5e2004f8048850899a45d60c
INFO: 2020/01/16 14:41:45 2020-01-16 06:38:48.64 +0000 UTC
INFO: 2020/01/16 14:41:45 get-article-list, finish
WARN: 2020/01/16 14:41:45 get-tags, new request
INFO: 2020/01/16 14:41:45 get-tags, finish
WARN: 2020/01/16 14:41:58 get-article, new request
INFO: 2020/01/16 14:41:58 ID: 5e2004f8048850899a45d60c
INFO: 2020/01/16 14:41:58 2020-01-16 06:38:48.64 +0000 UTC
INFO: 2020/01/16 14:41:58 get-article-list, finish
WARN: 2020/01/16 14:41:58 get-tags, new request
INFO: 2020/01/16 14:41:58 get-tags, finish
WARN: 2020/01/16 14:42:25 get-article, new request
INFO: 2020/01/16 14:42:25 ID: 5e2004f8048850899a45d60c
INFO: 2020/01/16 14:42:25 2020-01-16 06:38:48.64 +0000 UTC
INFO: 2020/01/16 14:42:25 get-article-list, finish
WARN: 2020/01/16 14:42:25 get-tags, new request
INFO: 2020/01/16 14:42:25 get-tags, finish
WARN: 2020/01/16 14:43:58 get-article, new request
INFO: 2020/01/16 14:43:58 ID: 5e2004f8048850899a45d60c
INFO: 2020/01/16 14:43:58 2020-01-16 06:38:48.64 +0000 UTC
INFO: 2020/01/16 14:43:58 get-article-list, finish
WARN: 2020/01/16 14:43:58 get-tags, new request
INFO: 2020/01/16 14:43:58 get-tags, finish
WARN: 2020/01/16 14:44:11 get-article, new request
INFO: 2020/01/16 14:44:11 ID: 5e2004f8048850899a45d60c
INFO: 2020/01/16 14:44:11 2020-01-16 06:38:48.64 +0000 UTC
INFO: 2020/01/16 14:44:11 get-article-list, finish
WARN: 2020/01/16 14:44:11 get-tags, new request
INFO: 2020/01/16 14:44:11 get-tags, finish
WARN: 2020/01/16 14:44:24 save-article, new request
INFO: 2020/01/16 14:44:24 save-article, finish
WARN: 2020/01/16 14:44:27 get-article-list, new request
WARN: 2020/01/16 14:44:27 get-tags, new request
INFO: 2020/01/16 14:44:27 get-article-list, finish
INFO: 2020/01/16 14:44:27 get-tags, finish
WARN: 2020/01/16 14:49:03 get-tags, new request
INFO: 2020/01/16 14:49:03 get-tags, finish
WARN: 2020/01/16 14:49:32 save-article, new request
INFO: 2020/01/16 14:49:32 save-article, finish
WARN: 2020/01/16 14:49:37 get-article-list, new request
INFO: 2020/01/16 14:49:37 get-article-list, finish
WARN: 2020/01/16 14:49:37 get-tags, new request
INFO: 2020/01/16 14:49:37 get-tags, finish
WARN: 2020/01/16 14:50:11 get-tags, new request
INFO: 2020/01/16 14:50:11 get-tags, finish
WARN: 2020/01/16 14:50:49 save-article, new request
INFO: 2020/01/16 14:50:49 save-article, finish
WARN: 2020/01/16 14:50:52 get-tags, new request
INFO: 2020/01/16 14:50:52 get-tags, finish
WARN: 2020/01/16 14:50:52 get-article-list, new request
INFO: 2020/01/16 14:50:52 get-article-list, finish
WARN: 2020/01/16 14:50:58 get-tags, new request
INFO: 2020/01/16 14:50:58 get-tags, finish
WARN: 2020/01/16 14:50:58 get-article-list, new request
INFO: 2020/01/16 14:50:58 get-article-list, finish
WARN: 2020/01/16 14:53:42 get-article-list, new request
INFO: 2020/01/16 14:53:42 get-article-list, finish
WARN: 2020/01/16 14:53:42 get-tags, new request
INFO: 2020/01/16 14:53:42 get-tags, finish
WARN: 2020/01/16 14:53:43 get-tags, new request
WARN: 2020/01/16 14:53:43 get-article-list, new request
INFO: 2020/01/16 14:53:43 get-article-list, finish
INFO: 2020/01/16 14:53:43 get-tags, finish
WARN: 2020/01/16 14:53:46 get-article-list, new request
INFO: 2020/01/16 14:53:46 get-article-list, finish
WARN: 2020/01/16 14:53:46 get-tags, new request
INFO: 2020/01/16 14:53:46 get-tags, finish
WARN: 2020/01/16 14:54:43 get-article-list, new request
INFO: 2020/01/16 14:54:43 get-article-list, finish
WARN: 2020/01/16 14:54:43 get-tags, new request
INFO: 2020/01/16 14:54:43 get-tags, finish
WARN: 2020/01/16 14:54:44 get-article-list, new request
WARN: 2020/01/16 14:54:44 get-tags, new request
INFO: 2020/01/16 14:54:44 get-article-list, finish
INFO: 2020/01/16 14:54:44 get-tags, finish
WARN: 2020/01/16 14:54:45 get-article-list, new request
WARN: 2020/01/16 14:54:45 get-tags, new request
INFO: 2020/01/16 14:54:45 get-tags, finish
INFO: 2020/01/16 14:54:45 get-article-list, finish
WARN: 2020/01/16 14:54:46 get-article-list, new request
INFO: 2020/01/16 14:54:46 get-article-list, finish
WARN: 2020/01/16 14:54:46 get-tags, new request
INFO: 2020/01/16 14:54:46 get-tags, finish
WARN: 2020/01/16 14:54:46 get-article-list, new request
WARN: 2020/01/16 14:54:46 get-tags, new request
INFO: 2020/01/16 14:54:46 get-article-list, finish
INFO: 2020/01/16 14:54:46 get-tags, finish
WARN: 2020/01/16 14:54:47 get-article-list, new request
INFO: 2020/01/16 14:54:47 get-article-list, finish
WARN: 2020/01/16 14:54:47 get-tags, new request
INFO: 2020/01/16 14:54:47 get-tags, finish
WARN: 2020/01/16 14:54:48 get-article-list, new request
WARN: 2020/01/16 14:54:48 get-tags, new request
INFO: 2020/01/16 14:54:48 get-article-list, finish
INFO: 2020/01/16 14:54:48 get-tags, finish
WARN: 2020/01/16 14:59:09 get-article-list, new request
INFO: 2020/01/16 14:59:09 get-article-list, finish
WARN: 2020/01/16 14:59:09 get-tags, new request
INFO: 2020/01/16 14:59:09 get-tags, finish
WARN: 2020/01/16 14:59:10 get-article-list, new request
INFO: 2020/01/16 14:59:10 get-article-list, finish
WARN: 2020/01/16 14:59:10 get-tags, new request
INFO: 2020/01/16 14:59:10 get-tags, finish
WARN: 2020/01/16 14:59:13 get-article-list, new request
WARN: 2020/01/16 14:59:13 get-tags, new request
INFO: 2020/01/16 14:59:13 get-article-list, finish
INFO: 2020/01/16 14:59:13 get-tags, finish
WARN: 2020/01/16 15:00:57 get-article-list, new request
INFO: 2020/01/16 15:00:57 get-article-list, finish
WARN: 2020/01/16 15:00:57 get-tags, new request
INFO: 2020/01/16 15:00:57 get-tags, finish
WARN: 2020/01/16 15:01:34 get-article-list, new request
INFO: 2020/01/16 15:01:34 get-article-list, finish
WARN: 2020/01/16 15:01:34 get-tags, new request
INFO: 2020/01/16 15:01:34 get-tags, finish
WARN: 2020/01/16 15:01:36 get-article-list, new request
WARN: 2020/01/16 15:01:36 get-tags, new request
INFO: 2020/01/16 15:01:36 get-tags, finish
INFO: 2020/01/16 15:01:36 get-article-list, finish
WARN: 2020/01/16 15:01:36 get-article-list, new request
INFO: 2020/01/16 15:01:36 get-article-list, finish
WARN: 2020/01/16 15:01:36 get-tags, new request
INFO: 2020/01/16 15:01:36 get-tags, finish
WARN: 2020/01/16 15:01:37 get-article-list, new request
INFO: 2020/01/16 15:01:37 get-article-list, finish
WARN: 2020/01/16 15:01:37 get-tags, new request
INFO: 2020/01/16 15:01:37 get-tags, finish
WARN: 2020/01/16 15:01:41 get-article-list, new request
INFO: 2020/01/16 15:01:41 get-article-list, finish
WARN: 2020/01/16 15:01:41 get-tags, new request
INFO: 2020/01/16 15:01:41 get-tags, finish
WARN: 2020/01/16 15:05:20 get-article-list, new request
INFO: 2020/01/16 15:05:20 get-article-list, finish
WARN: 2020/01/16 15:05:20 get-tags, new request
INFO: 2020/01/16 15:05:20 get-tags, finish
WARN: 2020/01/16 15:27:21 get-article-list, new request
INFO: 2020/01/16 15:27:21 get-article-list, finish
WARN: 2020/01/16 15:27:21 get-tags, new request
INFO: 2020/01/16 15:27:21 get-tags, finish
